<?xml version="1.0" encoding="UTF-8"?>
<testng-results ignored="0" total="11" passed="9" failed="2" skipped="0">
  <reporter-output>
  </reporter-output>
  <suite started-at="2022-05-31T20:22:45 GST" name="Default suite" finished-at="2022-05-31T20:23:57 GST" duration-ms="72081">
    <groups>
      <group name="Sanity">
        <method signature="FilpkartExample.openBrowser()[pri:0, instance:DevOpsCerti.CertificationProject.FilpkartExample@290222c1]" name="openBrowser" class="DevOpsCerti.CertificationProject.FilpkartExample"/>
        <method signature="FilpkartExample.closeLoginModalScreen()[pri:1, instance:DevOpsCerti.CertificationProject.FilpkartExample@290222c1]" name="closeLoginModalScreen" class="DevOpsCerti.CertificationProject.FilpkartExample"/>
        <method signature="FilpkartExample.hoverMILink()[pri:2, instance:DevOpsCerti.CertificationProject.FilpkartExample@290222c1]" name="hoverMILink" class="DevOpsCerti.CertificationProject.FilpkartExample"/>
        <method signature="FilpkartExample.verifyLatestFromMI()[pri:3, instance:DevOpsCerti.CertificationProject.FilpkartExample@290222c1]" name="verifyLatestFromMI" class="DevOpsCerti.CertificationProject.FilpkartExample"/>
      </group> <!-- Sanity -->
      <group name="Regression">
        <method signature="FilpkartExample.openBrowser()[pri:0, instance:DevOpsCerti.CertificationProject.FilpkartExample@290222c1]" name="openBrowser" class="DevOpsCerti.CertificationProject.FilpkartExample"/>
        <method signature="FilpkartExample.closeLoginModalScreen()[pri:1, instance:DevOpsCerti.CertificationProject.FilpkartExample@290222c1]" name="closeLoginModalScreen" class="DevOpsCerti.CertificationProject.FilpkartExample"/>
        <method signature="FilpkartExample.hoverMILink()[pri:2, instance:DevOpsCerti.CertificationProject.FilpkartExample@290222c1]" name="hoverMILink" class="DevOpsCerti.CertificationProject.FilpkartExample"/>
        <method signature="FilpkartExample.verifyLatestFromMI()[pri:3, instance:DevOpsCerti.CertificationProject.FilpkartExample@290222c1]" name="verifyLatestFromMI" class="DevOpsCerti.CertificationProject.FilpkartExample"/>
        <method signature="FilpkartExample.movePriceSlider()[pri:4, instance:DevOpsCerti.CertificationProject.FilpkartExample@290222c1]" name="movePriceSlider" class="DevOpsCerti.CertificationProject.FilpkartExample"/>
        <method signature="FilpkartExample.selectMaxPriceDrfopdown()[pri:5, instance:DevOpsCerti.CertificationProject.FilpkartExample@290222c1]" name="selectMaxPriceDrfopdown" class="DevOpsCerti.CertificationProject.FilpkartExample"/>
        <method signature="FilpkartExample.searchRedmiGoandClick()[pri:6, instance:DevOpsCerti.CertificationProject.FilpkartExample@290222c1]" name="searchRedmiGoandClick" class="DevOpsCerti.CertificationProject.FilpkartExample"/>
        <method signature="FilpkartExample.newWindowSwitch()[pri:7, instance:DevOpsCerti.CertificationProject.FilpkartExample@290222c1]" name="newWindowSwitch" class="DevOpsCerti.CertificationProject.FilpkartExample"/>
        <method signature="FilpkartExample.enterPINCOde()[pri:8, instance:DevOpsCerti.CertificationProject.FilpkartExample@290222c1]" name="enterPINCOde" class="DevOpsCerti.CertificationProject.FilpkartExample"/>
        <method signature="FilpkartExample.viewDetails()[pri:9, instance:DevOpsCerti.CertificationProject.FilpkartExample@290222c1]" name="viewDetails" class="DevOpsCerti.CertificationProject.FilpkartExample"/>
        <method signature="FilpkartExample.addToCart()[pri:10, instance:DevOpsCerti.CertificationProject.FilpkartExample@290222c1]" name="addToCart" class="DevOpsCerti.CertificationProject.FilpkartExample"/>
      </group> <!-- Regression -->
    </groups>
    <test started-at="2022-05-31T20:22:45 GST" name="Default test" finished-at="2022-05-31T20:23:57 GST" duration-ms="72081">
      <class name="DevOpsCerti.CertificationProject.FilpkartExample">
        <test-method signature="openBrowser()[pri:0, instance:DevOpsCerti.CertificationProject.FilpkartExample@290222c1]" started-at="2022-05-31T20:22:45 GST" name="openBrowser" finished-at="2022-05-31T20:23:10 GST" duration-ms="24346" status="PASS">
          <reporter-output>
          </reporter-output>
        </test-method> <!-- openBrowser -->
        <test-method signature="closeLoginModalScreen()[pri:1, instance:DevOpsCerti.CertificationProject.FilpkartExample@290222c1]" started-at="2022-05-31T20:23:10 GST" name="closeLoginModalScreen" finished-at="2022-05-31T20:23:10 GST" duration-ms="431" status="PASS">
          <reporter-output>
          </reporter-output>
        </test-method> <!-- closeLoginModalScreen -->
        <test-method signature="hoverMILink()[pri:2, instance:DevOpsCerti.CertificationProject.FilpkartExample@290222c1]" started-at="2022-05-31T20:23:10 GST" name="hoverMILink" finished-at="2022-05-31T20:23:13 GST" duration-ms="3085" status="PASS">
          <reporter-output>
          </reporter-output>
        </test-method> <!-- hoverMILink -->
        <test-method signature="verifyLatestFromMI()[pri:3, instance:DevOpsCerti.CertificationProject.FilpkartExample@290222c1]" started-at="2022-05-31T20:23:13 GST" name="verifyLatestFromMI" finished-at="2022-05-31T20:23:18 GST" duration-ms="5210" status="FAIL">
          <exception class="org.openqa.selenium.NoSuchElementException">
            <message>
              <![CDATA[no such element: Unable to locate element: {"method":"xpath","selector":"//p[text()='Latest from MI : ']"}
  (Session info: chrome=102.0.5005.61)
For documentation on this error, please visit: https://selenium.dev/exceptions/#no_such_element
Build info: version: '4.2.0', revision: '86eb611648'
System info: host: 'DESKTOP-QE73OPV', ip: '192.168.0.102', os.name: 'Windows 10', os.arch: 'amd64', os.version: '10.0', java.version: '17'
Driver info: org.openqa.selenium.chrome.ChromeDriver
Command: [4626eeee31f28359f4c84dc7ff5d83ba, findElement {using=xpath, value=//p[text()='Latest from MI : ']}]
Capabilities {acceptInsecureCerts: false, browserName: chrome, browserVersion: 102.0.5005.61, chrome: {chromedriverVersion: 102.0.5005.61 (0e59bcc00cc4..., userDataDir: C:\Users\Dell\AppData\Local...}, goog:chromeOptions: {debuggerAddress: localhost:64714}, javascriptEnabled: true, networkConnectionEnabled: false, pageLoadStrategy: normal, platform: WINDOWS, platformName: WINDOWS, proxy: Proxy(), se:cdp: ws://localhost:64714/devtoo..., se:cdpVersion: 102.0.5005.61, setWindowRect: true, strictFileInteractability: false, timeouts: {implicit: 0, pageLoad: 300000, script: 30000}, unhandledPromptBehavior: dismiss and notify, webauthn:extension:credBlob: true, webauthn:extension:largeBlob: true, webauthn:virtualAuthenticators: true}
Session ID: 4626eeee31f28359f4c84dc7ff5d83ba]]>
            </message>
            <full-stacktrace>
              <![CDATA[org.openqa.selenium.NoSuchElementException: no such element: Unable to locate element: {"method":"xpath","selector":"//p[text()='Latest from MI : ']"}
  (Session info: chrome=102.0.5005.61)
For documentation on this error, please visit: https://selenium.dev/exceptions/#no_such_element
Build info: version: '4.2.0', revision: '86eb611648'
System info: host: 'DESKTOP-QE73OPV', ip: '192.168.0.102', os.name: 'Windows 10', os.arch: 'amd64', os.version: '10.0', java.version: '17'
Driver info: org.openqa.selenium.chrome.ChromeDriver
Command: [4626eeee31f28359f4c84dc7ff5d83ba, findElement {using=xpath, value=//p[text()='Latest from MI : ']}]
Capabilities {acceptInsecureCerts: false, browserName: chrome, browserVersion: 102.0.5005.61, chrome: {chromedriverVersion: 102.0.5005.61 (0e59bcc00cc4..., userDataDir: C:\Users\Dell\AppData\Local...}, goog:chromeOptions: {debuggerAddress: localhost:64714}, javascriptEnabled: true, networkConnectionEnabled: false, pageLoadStrategy: normal, platform: WINDOWS, platformName: WINDOWS, proxy: Proxy(), se:cdp: ws://localhost:64714/devtoo..., se:cdpVersion: 102.0.5005.61, setWindowRect: true, strictFileInteractability: false, timeouts: {implicit: 0, pageLoad: 300000, script: 30000}, unhandledPromptBehavior: dismiss and notify, webauthn:extension:credBlob: true, webauthn:extension:largeBlob: true, webauthn:virtualAuthenticators: true}
Session ID: 4626eeee31f28359f4c84dc7ff5d83ba
at java.base/jdk.internal.reflect.NativeConstructorAccessorImpl.newInstance0(Native Method)
at java.base/jdk.internal.reflect.NativeConstructorAccessorImpl.newInstance(NativeConstructorAccessorImpl.java:77)
at java.base/jdk.internal.reflect.DelegatingConstructorAccessorImpl.newInstance(DelegatingConstructorAccessorImpl.java:45)
at java.base/java.lang.reflect.Constructor.newInstanceWithCaller(Constructor.java:499)
at java.base/java.lang.reflect.Constructor.newInstance(Constructor.java:480)
at org.openqa.selenium.remote.codec.w3c.W3CHttpResponseCodec.createException(W3CHttpResponseCodec.java:200)
at org.openqa.selenium.remote.codec.w3c.W3CHttpResponseCodec.decode(W3CHttpResponseCodec.java:133)
at org.openqa.selenium.remote.codec.w3c.W3CHttpResponseCodec.decode(W3CHttpResponseCodec.java:53)
at org.openqa.selenium.remote.HttpCommandExecutor.execute(HttpCommandExecutor.java:184)
at org.openqa.selenium.remote.service.DriverCommandExecutor.invokeExecute(DriverCommandExecutor.java:167)
at org.openqa.selenium.remote.service.DriverCommandExecutor.execute(DriverCommandExecutor.java:142)
at org.openqa.selenium.remote.RemoteWebDriver.execute(RemoteWebDriver.java:566)
at org.openqa.selenium.remote.ElementLocation$ElementFinder$2.findElement(ElementLocation.java:162)
at org.openqa.selenium.remote.ElementLocation.findElement(ElementLocation.java:60)
at org.openqa.selenium.remote.RemoteWebDriver.findElement(RemoteWebDriver.java:384)
at org.openqa.selenium.remote.RemoteWebDriver.findElement(RemoteWebDriver.java:376)
at DevOpsCerti.CertificationProject.FilpkartExample.verifyLatestFromMI(FilpkartExample.java:45)
at java.base/jdk.internal.reflect.NativeMethodAccessorImpl.invoke0(Native Method)
at java.base/jdk.internal.reflect.NativeMethodAccessorImpl.invoke(NativeMethodAccessorImpl.java:77)
at java.base/jdk.internal.reflect.DelegatingMethodAccessorImpl.invoke(DelegatingMethodAccessorImpl.java:43)
at java.base/java.lang.reflect.Method.invoke(Method.java:568)
at org.testng.internal.invokers.MethodInvocationHelper.invokeMethod(MethodInvocationHelper.java:139)
at org.testng.internal.invokers.TestInvoker.invokeMethod(TestInvoker.java:677)
at org.testng.internal.invokers.TestInvoker.invokeTestMethod(TestInvoker.java:221)
at org.testng.internal.invokers.MethodRunner.runInSequence(MethodRunner.java:50)
at org.testng.internal.invokers.TestInvoker$MethodInvocationAgent.invoke(TestInvoker.java:962)
at org.testng.internal.invokers.TestInvoker.invokeTestMethods(TestInvoker.java:194)
at org.testng.internal.invokers.TestMethodWorker.invokeTestMethods(TestMethodWorker.java:148)
at org.testng.internal.invokers.TestMethodWorker.run(TestMethodWorker.java:128)
at java.base/java.util.ArrayList.forEach(ArrayList.java:1511)
at org.testng.TestRunner.privateRun(TestRunner.java:806)
at org.testng.TestRunner.run(TestRunner.java:601)
at org.testng.SuiteRunner.runTest(SuiteRunner.java:433)
at org.testng.SuiteRunner.runSequentially(SuiteRunner.java:427)
at org.testng.SuiteRunner.privateRun(SuiteRunner.java:387)
at org.testng.SuiteRunner.run(SuiteRunner.java:330)
at org.testng.SuiteRunnerWorker.runSuite(SuiteRunnerWorker.java:52)
at org.testng.SuiteRunnerWorker.run(SuiteRunnerWorker.java:95)
at org.testng.TestNG.runSuitesSequentially(TestNG.java:1256)
at org.testng.TestNG.runSuitesLocally(TestNG.java:1176)
at org.testng.TestNG.runSuites(TestNG.java:1099)
at org.testng.TestNG.run(TestNG.java:1067)
at org.testng.remote.AbstractRemoteTestNG.run(AbstractRemoteTestNG.java:115)
at org.testng.remote.RemoteTestNG.initAndRun(RemoteTestNG.java:251)
at org.testng.remote.RemoteTestNG.main(RemoteTestNG.java:77)
]]>
            </full-stacktrace>
          </exception> <!-- org.openqa.selenium.NoSuchElementException -->
          <reporter-output>
          </reporter-output>
        </test-method> <!-- verifyLatestFromMI -->
        <test-method signature="movePriceSlider()[pri:4, instance:DevOpsCerti.CertificationProject.FilpkartExample@290222c1]" started-at="2022-05-31T20:23:18 GST" name="movePriceSlider" finished-at="2022-05-31T20:23:19 GST" duration-ms="321" status="PASS">
          <reporter-output>
          </reporter-output>
        </test-method> <!-- movePriceSlider -->
        <test-method signature="selectMaxPriceDrfopdown()[pri:5, instance:DevOpsCerti.CertificationProject.FilpkartExample@290222c1]" started-at="2022-05-31T20:23:19 GST" name="selectMaxPriceDrfopdown" finished-at="2022-05-31T20:23:20 GST" duration-ms="1355" status="PASS">
          <reporter-output>
          </reporter-output>
        </test-method> <!-- selectMaxPriceDrfopdown -->
        <test-method signature="searchRedmiGoandClick()[pri:6, instance:DevOpsCerti.CertificationProject.FilpkartExample@290222c1]" started-at="2022-05-31T20:23:20 GST" name="searchRedmiGoandClick" finished-at="2022-05-31T20:23:48 GST" duration-ms="27564" status="PASS">
          <reporter-output>
          </reporter-output>
        </test-method> <!-- searchRedmiGoandClick -->
        <test-method signature="newWindowSwitch()[pri:7, instance:DevOpsCerti.CertificationProject.FilpkartExample@290222c1]" started-at="2022-05-31T20:23:48 GST" name="newWindowSwitch" finished-at="2022-05-31T20:23:52 GST" duration-ms="3893" status="PASS">
          <reporter-output>
          </reporter-output>
        </test-method> <!-- newWindowSwitch -->
        <test-method signature="enterPINCOde()[pri:8, instance:DevOpsCerti.CertificationProject.FilpkartExample@290222c1]" started-at="2022-05-31T20:23:52 GST" name="enterPINCOde" finished-at="2022-05-31T20:23:54 GST" duration-ms="2004" status="PASS">
          <reporter-output>
          </reporter-output>
        </test-method> <!-- enterPINCOde -->
        <test-method signature="viewDetails()[pri:9, instance:DevOpsCerti.CertificationProject.FilpkartExample@290222c1]" started-at="2022-05-31T20:23:54 GST" name="viewDetails" finished-at="2022-05-31T20:23:55 GST" duration-ms="1629" status="FAIL">
          <exception class="org.openqa.selenium.StaleElementReferenceException">
            <message>
              <![CDATA[stale element reference: element is not attached to the page document
  (Session info: chrome=102.0.5005.61)
For documentation on this error, please visit: https://selenium.dev/exceptions/#stale_element_reference
Build info: version: '4.2.0', revision: '86eb611648'
System info: host: 'DESKTOP-QE73OPV', ip: '192.168.0.102', os.name: 'Windows 10', os.arch: 'amd64', os.version: '10.0', java.version: '17'
Driver info: org.openqa.selenium.chrome.ChromeDriver
Command: [4626eeee31f28359f4c84dc7ff5d83ba, clickElement {id=6812743b-75c8-46c8-b95e-763991e36939}]
Capabilities {acceptInsecureCerts: false, browserName: chrome, browserVersion: 102.0.5005.61, chrome: {chromedriverVersion: 102.0.5005.61 (0e59bcc00cc4..., userDataDir: C:\Users\Dell\AppData\Local...}, goog:chromeOptions: {debuggerAddress: localhost:64714}, javascriptEnabled: true, networkConnectionEnabled: false, pageLoadStrategy: normal, platform: WINDOWS, platformName: WINDOWS, proxy: Proxy(), se:cdp: ws://localhost:64714/devtoo..., se:cdpVersion: 102.0.5005.61, setWindowRect: true, strictFileInteractability: false, timeouts: {implicit: 0, pageLoad: 300000, script: 30000}, unhandledPromptBehavior: dismiss and notify, webauthn:extension:credBlob: true, webauthn:extension:largeBlob: true, webauthn:virtualAuthenticators: true}
Element: [[ChromeDriver: chrome on WINDOWS (4626eeee31f28359f4c84dc7ff5d83ba)] -> xpath: //button[@class='_2KpZ6l _1KAjNd']]
Session ID: 4626eeee31f28359f4c84dc7ff5d83ba]]>
            </message>
            <full-stacktrace>
              <![CDATA[org.openqa.selenium.StaleElementReferenceException: stale element reference: element is not attached to the page document
  (Session info: chrome=102.0.5005.61)
For documentation on this error, please visit: https://selenium.dev/exceptions/#stale_element_reference
Build info: version: '4.2.0', revision: '86eb611648'
System info: host: 'DESKTOP-QE73OPV', ip: '192.168.0.102', os.name: 'Windows 10', os.arch: 'amd64', os.version: '10.0', java.version: '17'
Driver info: org.openqa.selenium.chrome.ChromeDriver
Command: [4626eeee31f28359f4c84dc7ff5d83ba, clickElement {id=6812743b-75c8-46c8-b95e-763991e36939}]
Capabilities {acceptInsecureCerts: false, browserName: chrome, browserVersion: 102.0.5005.61, chrome: {chromedriverVersion: 102.0.5005.61 (0e59bcc00cc4..., userDataDir: C:\Users\Dell\AppData\Local...}, goog:chromeOptions: {debuggerAddress: localhost:64714}, javascriptEnabled: true, networkConnectionEnabled: false, pageLoadStrategy: normal, platform: WINDOWS, platformName: WINDOWS, proxy: Proxy(), se:cdp: ws://localhost:64714/devtoo..., se:cdpVersion: 102.0.5005.61, setWindowRect: true, strictFileInteractability: false, timeouts: {implicit: 0, pageLoad: 300000, script: 30000}, unhandledPromptBehavior: dismiss and notify, webauthn:extension:credBlob: true, webauthn:extension:largeBlob: true, webauthn:virtualAuthenticators: true}
Element: [[ChromeDriver: chrome on WINDOWS (4626eeee31f28359f4c84dc7ff5d83ba)] -> xpath: //button[@class='_2KpZ6l _1KAjNd']]
Session ID: 4626eeee31f28359f4c84dc7ff5d83ba
at java.base/jdk.internal.reflect.NativeConstructorAccessorImpl.newInstance0(Native Method)
at java.base/jdk.internal.reflect.NativeConstructorAccessorImpl.newInstance(NativeConstructorAccessorImpl.java:77)
at java.base/jdk.internal.reflect.DelegatingConstructorAccessorImpl.newInstance(DelegatingConstructorAccessorImpl.java:45)
at java.base/java.lang.reflect.Constructor.newInstanceWithCaller(Constructor.java:499)
at java.base/java.lang.reflect.Constructor.newInstance(Constructor.java:480)
at org.openqa.selenium.remote.codec.w3c.W3CHttpResponseCodec.createException(W3CHttpResponseCodec.java:200)
at org.openqa.selenium.remote.codec.w3c.W3CHttpResponseCodec.decode(W3CHttpResponseCodec.java:133)
at org.openqa.selenium.remote.codec.w3c.W3CHttpResponseCodec.decode(W3CHttpResponseCodec.java:53)
at org.openqa.selenium.remote.HttpCommandExecutor.execute(HttpCommandExecutor.java:184)
at org.openqa.selenium.remote.service.DriverCommandExecutor.invokeExecute(DriverCommandExecutor.java:167)
at org.openqa.selenium.remote.service.DriverCommandExecutor.execute(DriverCommandExecutor.java:142)
at org.openqa.selenium.remote.RemoteWebDriver.execute(RemoteWebDriver.java:566)
at org.openqa.selenium.remote.RemoteWebElement.execute(RemoteWebElement.java:257)
at org.openqa.selenium.remote.RemoteWebElement.click(RemoteWebElement.java:78)
at DevOpsCerti.CertificationProject.FilpkartExample.viewDetails(FilpkartExample.java:119)
at java.base/jdk.internal.reflect.NativeMethodAccessorImpl.invoke0(Native Method)
at java.base/jdk.internal.reflect.NativeMethodAccessorImpl.invoke(NativeMethodAccessorImpl.java:77)
at java.base/jdk.internal.reflect.DelegatingMethodAccessorImpl.invoke(DelegatingMethodAccessorImpl.java:43)
at java.base/java.lang.reflect.Method.invoke(Method.java:568)
at org.testng.internal.invokers.MethodInvocationHelper.invokeMethod(MethodInvocationHelper.java:139)
at org.testng.internal.invokers.TestInvoker.invokeMethod(TestInvoker.java:677)
at org.testng.internal.invokers.TestInvoker.invokeTestMethod(TestInvoker.java:221)
at org.testng.internal.invokers.MethodRunner.runInSequence(MethodRunner.java:50)
at org.testng.internal.invokers.TestInvoker$MethodInvocationAgent.invoke(TestInvoker.java:962)
at org.testng.internal.invokers.TestInvoker.invokeTestMethods(TestInvoker.java:194)
at org.testng.internal.invokers.TestMethodWorker.invokeTestMethods(TestMethodWorker.java:148)
at org.testng.internal.invokers.TestMethodWorker.run(TestMethodWorker.java:128)
at java.base/java.util.ArrayList.forEach(ArrayList.java:1511)
at org.testng.TestRunner.privateRun(TestRunner.java:806)
at org.testng.TestRunner.run(TestRunner.java:601)
at org.testng.SuiteRunner.runTest(SuiteRunner.java:433)
at org.testng.SuiteRunner.runSequentially(SuiteRunner.java:427)
at org.testng.SuiteRunner.privateRun(SuiteRunner.java:387)
at org.testng.SuiteRunner.run(SuiteRunner.java:330)
at org.testng.SuiteRunnerWorker.runSuite(SuiteRunnerWorker.java:52)
at org.testng.SuiteRunnerWorker.run(SuiteRunnerWorker.java:95)
at org.testng.TestNG.runSuitesSequentially(TestNG.java:1256)
at org.testng.TestNG.runSuitesLocally(TestNG.java:1176)
at org.testng.TestNG.runSuites(TestNG.java:1099)
at org.testng.TestNG.run(TestNG.java:1067)
at org.testng.remote.AbstractRemoteTestNG.run(AbstractRemoteTestNG.java:115)
at org.testng.remote.RemoteTestNG.initAndRun(RemoteTestNG.java:251)
at org.testng.remote.RemoteTestNG.main(RemoteTestNG.java:77)
]]>
            </full-stacktrace>
          </exception> <!-- org.openqa.selenium.StaleElementReferenceException -->
          <reporter-output>
          </reporter-output>
        </test-method> <!-- viewDetails -->
        <test-method signature="addToCart()[pri:10, instance:DevOpsCerti.CertificationProject.FilpkartExample@290222c1]" started-at="2022-05-31T20:23:55 GST" name="addToCart" finished-at="2022-05-31T20:23:56 GST" duration-ms="497" status="PASS">
          <reporter-output>
          </reporter-output>
        </test-method> <!-- addToCart -->
        <test-method is-config="true" signature="closeBrowser()[pri:0, instance:DevOpsCerti.CertificationProject.FilpkartExample@290222c1]" started-at="2022-05-31T20:23:56 GST" name="closeBrowser" finished-at="2022-05-31T20:23:57 GST" duration-ms="1385" status="PASS">
          <reporter-output>
          </reporter-output>
        </test-method> <!-- closeBrowser -->
      </class> <!-- DevOpsCerti.CertificationProject.FilpkartExample -->
    </test> <!-- Default test -->
  </suite> <!-- Default suite -->
</testng-results>
